Log file open, 09/03/20 09:08:01
LogWindows: Failed to load 'aqProf.dll' (GetLastError=126)
LogWindows: File 'aqProf.dll' does not exist
LogWindows: Failed to load 'VtuneApi.dll' (GetLastError=126)
LogWindows: File 'VtuneApi.dll' does not exist
LogWindows: Failed to load 'VtuneApi32e.dll' (GetLastError=126)
LogWindows: File 'VtuneApi32e.dll' does not exist
LogConsoleResponse: Display: Failed to find resolution value strings in scalability ini. Falling back to default.
LogInit: Display: Running engine for game: RPG
LogPlatformFile: Not using cached read wrapper
LogTaskGraph: Started task graph with 5 named threads and 35 total threads with 3 sets of task threads.
LogStats: Stats thread started at 0.051647
LogD3D11RHI: Loaded GFSDK_Aftermath_Lib.x64.dll
LogICUInternationalization: ICU TimeZone Detection - Raw Offset: +8:00, Platform Override: ''
LogPluginManager: Mounting plugin Paper2D
LogPluginManager: Mounting plugin AISupport
LogPluginManager: Mounting plugin LightPropagationVolume
LogPluginManager: Mounting plugin ActorLayerUtilities
LogPluginManager: Mounting plugin AnimationSharing
LogPluginManager: Mounting plugin CLionSourceCodeAccess
LogPluginManager: Mounting plugin CodeLiteSourceCodeAccess
LogPluginManager: Mounting plugin GitSourceControl
LogPluginManager: Mounting plugin KDevelopSourceCodeAccess
LogPluginManager: Mounting plugin NullSourceCodeAccess
LogPluginManager: Mounting plugin PerforceSourceControl
LogPluginManager: Mounting plugin PlasticSourceControl
LogPluginManager: Mounting plugin SubversionSourceControl
LogPluginManager: Mounting plugin UObjectPlugin
LogPluginManager: Mounting plugin VisualStudioCodeSourceCodeAccess
LogPluginManager: Mounting plugin VisualStudioSourceCodeAccess
LogPluginManager: Mounting plugin XCodeSourceCodeAccess
LogPluginManager: Mounting plugin AssetManagerEditor
LogPluginManager: Mounting plugin CryptoKeys
LogPluginManager: Mounting plugin CurveEditorTools
LogPluginManager: Mounting plugin DataValidation
LogPluginManager: Mounting plugin FacialAnimation
LogPluginManager: Mounting plugin GameplayTagsEditor
LogPluginManager: Mounting plugin MacGraphicsSwitching
LogPluginManager: Mounting plugin MaterialAnalyzer
LogPluginManager: Mounting plugin MobileLauncherProfileWizard
LogPluginManager: Mounting plugin PluginBrowser
LogPluginManager: Mounting plugin SpeedTreeImporter
LogPluginManager: Mounting plugin DatasmithContent
LogPluginManager: Mounting plugin VariantManagerContent
LogPluginManager: Mounting plugin AlembicImporter
LogPluginManager: Mounting plugin AutomationUtils
LogPluginManager: Mounting plugin BackChannel
LogPluginManager: Mounting plugin CharacterAI
LogPluginManager: Mounting plugin GeometryCache
LogPluginManager: Mounting plugin PlatformCrypto
LogPluginManager: Mounting plugin ProxyLODPlugin
LogPluginManager: Mounting plugin SkeletalReduction
LogPluginManager: Mounting plugin MagicLeap
LogPluginManager: Mounting plugin MagicLeapMedia
LogPluginManager: Mounting plugin MLSDK
LogPluginManager: Mounting plugin AndroidMedia
LogPluginManager: Mounting plugin AvfMedia
LogPluginManager: Mounting plugin ImgMedia
LogPluginManager: Mounting plugin MediaCompositing
LogPluginManager: Mounting plugin MediaPlayerEditor
LogPluginManager: Mounting plugin WebMMedia
LogPluginManager: Mounting plugin WmfMedia
LogPluginManager: Mounting plugin TcpMessaging
LogPluginManager: Mounting plugin UdpMessaging
LogPluginManager: Mounting plugin ActorSequence
LogPluginManager: Mounting plugin LevelSequenceEditor
LogPluginManager: Mounting plugin MatineeToLevelSequence
LogPluginManager: Mounting plugin NetcodeUnitTest
LogPluginManager: Mounting plugin NUTUnrealEngine4
LogPluginManager: Mounting plugin OnlineSubsystemGooglePlay
LogPluginManager: Mounting plugin OnlineSubsystemIOS
LogPluginManager: Mounting plugin OnlineSubsystem
LogPluginManager: Mounting plugin OnlineSubsystemNull
LogPluginManager: Mounting plugin OnlineSubsystemUtils
LogPluginManager: Mounting plugin LauncherChunkInstaller
LogPluginManager: Mounting plugin AndroidDeviceProfileSelector
LogPluginManager: Mounting plugin AndroidMoviePlayer
LogPluginManager: Mounting plugin AndroidPermission
LogPluginManager: Mounting plugin AppleImageUtils
LogPluginManager: Mounting plugin AppleMoviePlayer
LogPluginManager: Mounting plugin ArchVisCharacter
LogPluginManager: Mounting plugin AssetTags
LogPluginManager: Mounting plugin AudioCapture
LogPluginManager: Mounting plugin CableComponent
LogPluginManager: Mounting plugin CustomMeshComponent
LogPluginManager: Mounting plugin EditableMesh
LogPluginManager: Mounting plugin ExampleDeviceProfileSelector
LogPluginManager: Mounting plugin GoogleCloudMessaging
LogPluginManager: Mounting plugin IOSDeviceProfileSelector
LogPluginManager: Mounting plugin LinuxDeviceProfileSelector
LogPluginManager: Mounting plugin LocationServicesBPLibrary
LogPluginManager: Mounting plugin MobilePatchingUtils
LogPluginManager: Mounting plugin OculusVR
LogPluginManager: Mounting plugin PhysXVehicles
LogPluginManager: Mounting plugin PostSplashScreen
LogPluginManager: Mounting plugin ProceduralMeshComponent
LogPluginManager: Mounting plugin RuntimePhysXCooking
LogPluginManager: Mounting plugin SignificanceManager
LogPluginManager: Mounting plugin SteamVR
LogPluginManager: Mounting plugin WebMMoviePlayer
LogPluginManager: Mounting plugin WindowsMoviePlayer
LogPluginManager: Mounting plugin ScreenshotTools
LogInit: Using libcurl 7.55.1-DEV
LogInit:  - built for x86_64-pc-win32
LogInit:  - supports SSL with OpenSSL/1.1.1
LogInit:  - supports HTTP deflate (compression) using libz 1.2.8
LogInit:  - other features:
LogInit:      CURL_VERSION_SSL
LogInit:      CURL_VERSION_LIBZ
LogInit:      CURL_VERSION_IPV6
LogInit:      CURL_VERSION_ASYNCHDNS
LogInit:      CURL_VERSION_LARGEFILE
LogInit:      CURL_VERSION_IDN
LogInit:  CurlRequestOptions (configurable via config and command line):
LogInit:  - bVerifyPeer = true  - Libcurl will verify peer certificate
LogInit:  - bUseHttpProxy = false  - Libcurl will NOT use HTTP proxy
LogInit:  - bDontReuseConnections = false  - Libcurl will reuse connections
LogInit:  - MaxHostConnections = 16  - Libcurl will limit the number of connections to a host
LogInit:  - LocalHostAddr = Default
LogInit:  - BufferSize = 65536
LogOnline: OSS: Creating online subsystem instance for: NULL
LogInit: WinSock: version 1.1 (2.2), MaxSocks=32767, MaxUdp=65467
LogOnline: OSS: TryLoadSubsystemAndSetDefault: Loaded subsystem for module [NULL]
LogInit: Build: ++UE4+Release-4.24-CL-10757647
LogInit: Engine Version: 4.24.1-10757647+++UE4+Release-4.24
LogInit: Compatible Engine Version: 4.24.0-10570792+++UE4+Release-4.24
LogInit: Net CL: 10570792
LogInit: OS: Windows 10 (Release 1903) (), CPU: Intel(R) Core(TM) i7-8700 CPU @ 3.20GHz, GPU: NVIDIA Quadro P1000
LogInit: Compiled (64-bit): Dec 17 2019 02:08:03
LogInit: Compiled with Visual C++: 19.16.27032.01
LogInit: Build Configuration: Development
LogInit: Branch Name: ++UE4+Release-4.24
LogInit: Command Line: 
LogInit: Base Directory: C:/Program Files/Epic Games/UE_4.24/Engine/Binaries/Win64/
LogInit: Installed Engine Build: 1
LogDevObjectVersion: Number of dev versions registered: 25
LogDevObjectVersion:   Dev-Blueprints (B0D832E4-1F89-4F0D-ACCF-7EB736FD4AA2): 10
LogDevObjectVersion:   Dev-Build (E1C64328-A22C-4D53-A36C-8E866417BD8C): 0
LogDevObjectVersion:   Dev-Core (375EC13C-06E4-48FB-B500-84F0262A717E): 3
LogDevObjectVersion:   Dev-Editor (E4B068ED-F494-42E9-A231-DA0B2E46BB41): 37
LogDevObjectVersion:   Dev-Framework (CFFC743F-43B0-4480-9391-14DF171D2073): 36
LogDevObjectVersion:   Dev-Mobile (B02B49B5-BB20-44E9-A304-32B752E40360): 2
LogDevObjectVersion:   Dev-Networking (A4E4105C-59A1-49B5-A7C5-40C4547EDFEE): 0
LogDevObjectVersion:   Dev-Online (39C831C9-5AE6-47DC-9A44-9C173E1C8E7C): 0
LogDevObjectVersion:   Dev-Physics (78F01B33-EBEA-4F98-B9B4-84EACCB95AA2): 2
LogDevObjectVersion:   Dev-Platform (6631380F-2D4D-43E0-8009-CF276956A95A): 0
LogDevObjectVersion:   Dev-Rendering (12F88B9F-8875-4AFC-A67C-D90C383ABD29): 36
LogDevObjectVersion:   Dev-Sequencer (7B5AE74C-D270-4C10-A958-57980B212A5A): 11
LogDevObjectVersion:   Dev-VR (D7296918-1DD6-4BDD-9DE2-64A83CC13884): 2
LogDevObjectVersion:   Dev-LoadTimes (C2A15278-BFE7-4AFE-6C17-90FF531DF755): 1
LogDevObjectVersion:   Private-Geometry (6EACA3D4-40EC-4CC1-B786-8BED09428FC5): 3
LogDevObjectVersion:   Dev-AnimPhys (29E575DD-E0A3-4627-9D10-D276232CDCEA): 17
LogDevObjectVersion:   Dev-Anim (AF43A65D-7FD3-4947-9873-3E8ED9C1BB05): 2
LogDevObjectVersion:   Dev-ReflectionCapture (6B266CEC-1EC7-4B8F-A30B-E4D90942FC07): 1
LogDevObjectVersion:   Dev-Automation (0DF73D61-A23F-47EA-B727-89E90C41499A): 1
LogDevObjectVersion:   FortniteMain (601D1886-AC64-4F84-AA16-D3DE0DEAC7D6): 31
LogDevObjectVersion:   Dev-Enterprise (9DFFBCD6-494F-0158-E221-12823C92A888): 8
LogDevObjectVersion:   Dev-Niagara (F2AED0AC-9AFE-416F-8664-AA7FFA26D6FC): 1
LogDevObjectVersion:   Dev-Destruction (174F1F0B-B4C6-45A5-B13F-2EE8D0FB917D): 9
LogDevObjectVersion:   Dev-Physics-Ext (35F94A83-E258-406C-A318-09F59610247C): 8
LogDevObjectVersion:   Dev-CineCamera (B2E18506-4273-CFC2-A54E-F4BB758BBA07): 1
LogInit: Presizing for max 25165824 objects, including 0 objects not considered by GC, pre-allocating 0 bytes for permanent pool.
LogInit: Object subsystem initialized
LogConfig: Setting CVar [[con.DebugEarlyDefault:1]]
LogConfig: Setting CVar [[r.setres:1280x720]]
[2020.09.03-01.08.01:136][  0]LogConfig: Setting CVar [[r.VSync:0]]
[2020.09.03-01.08.01:136][  0]LogConfig: Setting CVar [[r.RHICmdBypass:0]]
[2020.09.03-01.08.01:136][  0]LogConfig: Applying CVar settings from Section [/Script/Engine.RendererSettings] File [D:/RPG/RRPPGG/RPG/Saved/Config/Windows/Engine.ini]
[2020.09.03-01.08.01:136][  0]LogConfig: Setting CVar [[r.GPUCrashDebugging:0]]
[2020.09.03-01.08.01:136][  0]LogConfig: Applying CVar settings from Section [/Script/Engine.RendererOverrideSettings] File [D:/RPG/RRPPGG/RPG/Saved/Config/Windows/Engine.ini]
[2020.09.03-01.08.01:136][  0]LogConfig: Applying CVar settings from Section [/Script/Engine.StreamingSettings] File [D:/RPG/RRPPGG/RPG/Saved/Config/Windows/Engine.ini]
[2020.09.03-01.08.01:136][  0]LogConfig: Setting CVar [[s.MinBulkDataSizeForAsyncLoading:131072]]
[2020.09.03-01.08.01:136][  0]LogConfig: Setting CVar [[s.AsyncLoadingThreadEnabled:0]]
[2020.09.03-01.08.01:136][  0]LogConfig: Setting CVar [[s.EventDrivenLoaderEnabled:1]]
[2020.09.03-01.08.01:136][  0]LogConfig: Setting CVar [[s.WarnIfTimeLimitExceeded:0]]
[2020.09.03-01.08.01:136][  0]LogConfig: Setting CVar [[s.TimeLimitExceededMultiplier:1.5]]
[2020.09.03-01.08.01:136][  0]LogConfig: Setting CVar [[s.TimeLimitExceededMinTime:0.005]]
[2020.09.03-01.08.01:136][  0]LogConfig: Setting CVar [[s.UseBackgroundLevelStreaming:1]]
[2020.09.03-01.08.01:136][  0]LogConfig: Setting CVar [[s.PriorityAsyncLoadingExtraTime:15.0]]
[2020.09.03-01.08.01:136][  0]LogConfig: Setting CVar [[s.LevelStreamingActorsUpdateTimeLimit:5.0]]
[2020.09.03-01.08.01:136][  0]LogConfig: Setting CVar [[s.PriorityLevelStreamingActorsUpdateExtraTime:5.0]]
[2020.09.03-01.08.01:136][  0]LogConfig: Setting CVar [[s.LevelStreamingComponentsRegistrationGranularity:10]]
[2020.09.03-01.08.01:136][  0]LogConfig: Setting CVar [[s.UnregisterComponentsTimeLimit:1.0]]
[2020.09.03-01.08.01:137][  0]LogConfig: Setting CVar [[s.LevelStreamingComponentsUnregistrationGranularity:5]]
[2020.09.03-01.08.01:137][  0]LogConfig: Setting CVar [[s.FlushStreamingOnExit:1]]
[2020.09.03-01.08.01:137][  0]LogConfig: Applying CVar settings from Section [/Script/Engine.GarbageCollectionSettings] File [D:/RPG/RRPPGG/RPG/Saved/Config/Windows/Engine.ini]
[2020.09.03-01.08.01:137][  0]LogConfig: Setting CVar [[gc.MaxObjectsNotConsideredByGC:1]]
[2020.09.03-01.08.01:137][  0]LogConfig: Setting CVar [[gc.SizeOfPermanentObjectPool:0]]
[2020.09.03-01.08.01:137][  0]LogConfig: Setting CVar [[gc.FlushStreamingOnGC:0]]
[2020.09.03-01.08.01:137][  0]LogConfig: Setting CVar [[gc.NumRetriesBeforeForcingGC:10]]
[2020.09.03-01.08.01:137][  0]LogConfig: Setting CVar [[gc.AllowParallelGC:1]]
[2020.09.03-01.08.01:137][  0]LogConfig: Setting CVar [[gc.TimeBetweenPurgingPendingKillObjects:61.1]]
[2020.09.03-01.08.01:137][  0]LogConfig: Setting CVar [[gc.MaxObjectsInEditor:25165824]]
[2020.09.03-01.08.01:137][  0]LogConfig: Setting CVar [[gc.IncrementalBeginDestroyEnabled:1]]
[2020.09.03-01.08.01:137][  0]LogConfig: Setting CVar [[gc.CreateGCClusters:1]]
[2020.09.03-01.08.01:137][  0]LogConfig: Setting CVar [[gc.MinGCClusterSize:5]]
[2020.09.03-01.08.01:137][  0]LogConfig: Setting CVar [[gc.ActorClusteringEnabled:0]]
[2020.09.03-01.08.01:137][  0]LogConfig: Setting CVar [[gc.BlueprintClusteringEnabled:0]]
[2020.09.03-01.08.01:137][  0]LogConfig: Setting CVar [[gc.UseDisregardForGCOnDedicatedServers:0]]
[2020.09.03-01.08.01:137][  0]LogConfig: Applying CVar settings from Section [/Script/Engine.NetworkSettings] File [D:/RPG/RRPPGG/RPG/Saved/Config/Windows/Engine.ini]
[2020.09.03-01.08.01:137][  0]LogConfig: Applying CVar settings from Section [/Script/UnrealEd.CookerSettings] File [D:/RPG/RRPPGG/RPG/Saved/Config/Windows/Engine.ini]
[2020.09.03-01.08.01:139][  0]LogConfig: Applying CVar settings from Section [ViewDistanceQuality@3] File [D:/RPG/RRPPGG/RPG/Saved/Config/Windows/Scalability.ini]
[2020.09.03-01.08.01:139][  0]LogConfig: Setting CVar [[r.SkeletalMeshLODBias:0]]
[2020.09.03-01.08.01:139][  0]LogConfig: Setting CVar [[r.ViewDistanceScale:1.0]]
[2020.09.03-01.08.01:139][  0]LogConfig: Applying CVar settings from Section [AntiAliasingQuality@3] File [D:/RPG/RRPPGG/RPG/Saved/Config/Windows/Scalability.ini]
[2020.09.03-01.08.01:139][  0]LogConfig: Setting CVar [[r.PostProcessAAQuality:4]]
[2020.09.03-01.08.01:139][  0]LogConfig: Applying CVar settings from Section [ShadowQuality@3] File [D:/RPG/RRPPGG/RPG/Saved/Config/Windows/Scalability.ini]
[2020.09.03-01.08.01:139][  0]LogConfig: Setting CVar [[r.LightFunctionQuality:1]]
[2020.09.03-01.08.01:139][  0]LogConfig: Setting CVar [[r.ShadowQuality:5]]
[2020.09.03-01.08.01:139][  0]LogConfig: Setting CVar [[r.Shadow.CSM.MaxCascades:10]]
[2020.09.03-01.08.01:139][  0]LogConfig: Setting CVar [[r.Shadow.MaxResolution:2048]]
[2020.09.03-01.08.01:139][  0]LogConfig: Setting CVar [[r.Shadow.MaxCSMResolution:2048]]
[2020.09.03-01.08.01:139][  0]LogConfig: Setting CVar [[r.Shadow.RadiusThreshold:0.01]]
[2020.09.03-01.08.01:139][  0]LogConfig: Setting CVar [[r.Shadow.DistanceScale:1.0]]
[2020.09.03-01.08.01:139][  0]LogConfig: Setting CVar [[r.Shadow.CSM.TransitionScale:1.0]]
[2020.09.03-01.08.01:139][  0]LogConfig: Setting CVar [[r.Shadow.PreShadowResolutionFactor:1.0]]
[2020.09.03-01.08.01:139][  0]LogConfig: Setting CVar [[r.DistanceFieldShadowing:1]]
[2020.09.03-01.08.01:139][  0]LogConfig: Setting CVar [[r.DistanceFieldAO:1]]
[2020.09.03-01.08.01:139][  0]LogConfig: Setting CVar [[r.AOQuality:2]]
[2020.09.03-01.08.01:139][  0]LogConfig: Setting CVar [[r.VolumetricFog:1]]
[2020.09.03-01.08.01:139][  0]LogConfig: Setting CVar [[r.VolumetricFog.GridPixelSize:8]]
[2020.09.03-01.08.01:139][  0]LogConfig: Setting CVar [[r.VolumetricFog.GridSizeZ:128]]
[2020.09.03-01.08.01:139][  0]LogConfig: Setting CVar [[r.VolumetricFog.HistoryMissSupersampleCount:4]]
[2020.09.03-01.08.01:139][  0]LogConfig: Setting CVar [[r.LightMaxDrawDistanceScale:1]]
[2020.09.03-01.08.01:139][  0]LogConfig: Setting CVar [[r.CapsuleShadows:1]]
[2020.09.03-01.08.01:139][  0]LogConfig: Applying CVar settings from Section [PostProcessQuality@3] File [D:/RPG/RRPPGG/RPG/Saved/Config/Windows/Scalability.ini]
[2020.09.03-01.08.01:139][  0]LogConfig: Setting CVar [[r.MotionBlurQuality:4]]
[2020.09.03-01.08.01:139][  0]LogConfig: Setting CVar [[r.AmbientOcclusionMipLevelFactor:0.4]]
[2020.09.03-01.08.01:139][  0]LogConfig: Setting CVar [[r.AmbientOcclusionMaxQuality:100]]
[2020.09.03-01.08.01:139][  0]LogConfig: Setting CVar [[r.AmbientOcclusionLevels:-1]]
[2020.09.03-01.08.01:139][  0]LogConfig: Setting CVar [[r.AmbientOcclusionRadiusScale:1.0]]
[2020.09.03-01.08.01:139][  0]LogConfig: Setting CVar [[r.DepthOfFieldQuality:2]]
[2020.09.03-01.08.01:139][  0]LogConfig: Setting CVar [[r.RenderTargetPoolMin:400]]
[2020.09.03-01.08.01:139][  0]LogConfig: Setting CVar [[r.LensFlareQuality:2]]
[2020.09.03-01.08.01:139][  0]LogConfig: Setting CVar [[r.SceneColorFringeQuality:1]]
[2020.09.03-01.08.01:139][  0]LogConfig: Setting CVar [[r.EyeAdaptationQuality:2]]
[2020.09.03-01.08.01:139][  0]LogConfig: Setting CVar [[r.BloomQuality:5]]
[2020.09.03-01.08.01:139][  0]LogConfig: Setting CVar [[r.FastBlurThreshold:100]]
[2020.09.03-01.08.01:139][  0]LogConfig: Setting CVar [[r.Upscale.Quality:3]]
[2020.09.03-01.08.01:139][  0]LogConfig: Setting CVar [[r.Tonemapper.GrainQuantization:1]]
[2020.09.03-01.08.01:139][  0]LogConfig: Setting CVar [[r.LightShaftQuality:1]]
[2020.09.03-01.08.01:139][  0]LogConfig: Setting CVar [[r.Filter.SizeScale:1]]
[2020.09.03-01.08.01:139][  0]LogConfig: Setting CVar [[r.Tonemapper.Quality:5]]
[2020.09.03-01.08.01:139][  0]LogConfig: Setting CVar [[r.DOF.Gather.AccumulatorQuality:1        ; higher gathering accumulator quality]]
[2020.09.03-01.08.01:139][  0]LogConfig: Setting CVar [[r.DOF.Gather.PostfilterMethod:1          ; Median3x3 postfilering method]]
[2020.09.03-01.08.01:139][  0]LogConfig: Setting CVar [[r.DOF.Gather.EnableBokehSettings:0       ; no bokeh simulation when gathering]]
[2020.09.03-01.08.01:139][  0]LogConfig: Setting CVar [[r.DOF.Gather.RingCount:4                 ; medium number of samples when gathering]]
[2020.09.03-01.08.01:139][  0]LogConfig: Setting CVar [[r.DOF.Scatter.ForegroundCompositing:1    ; additive foreground scattering]]
[2020.09.03-01.08.01:139][  0]LogConfig: Setting CVar [[r.DOF.Scatter.BackgroundCompositing:2    ; additive background scattering]]
[2020.09.03-01.08.01:139][  0]LogConfig: Setting CVar [[r.DOF.Scatter.EnableBokehSettings:1      ; bokeh simulation when scattering]]
[2020.09.03-01.08.01:139][  0]LogConfig: Setting CVar [[r.DOF.Scatter.MaxSpriteRatio:0.1         ; only a maximum of 10% of scattered bokeh]]
[2020.09.03-01.08.01:139][  0]LogConfig: Setting CVar [[r.DOF.Recombine.Quality:1                ; cheap slight out of focus]]
[2020.09.03-01.08.01:139][  0]LogConfig: Setting CVar [[r.DOF.Recombine.EnableBokehSettings:0    ; no bokeh simulation on slight out of focus]]
[2020.09.03-01.08.01:139][  0]LogConfig: Setting CVar [[r.DOF.TemporalAAQuality:1                ; more stable temporal accumulation]]
[2020.09.03-01.08.01:139][  0]LogConfig: Setting CVar [[r.DOF.Kernel.MaxForegroundRadius:0.025]]
[2020.09.03-01.08.01:139][  0]LogConfig: Setting CVar [[r.DOF.Kernel.MaxBackgroundRadius:0.025]]
[2020.09.03-01.08.01:139][  0]LogConfig: Applying CVar settings from Section [TextureQuality@3] File [D:/RPG/RRPPGG/RPG/Saved/Config/Windows/Scalability.ini]
[2020.09.03-01.08.01:139][  0]LogConfig: Setting CVar [[r.Streaming.MipBias:0]]
[2020.09.03-01.08.01:139][  0]LogConfig: Setting CVar [[r.Streaming.AmortizeCPUToGPUCopy:0]]
[2020.09.03-01.08.01:139][  0]LogConfig: Setting CVar [[r.Streaming.MaxNumTexturesToStreamPerFrame:0]]
[2020.09.03-01.08.01:139][  0]LogConfig: Setting CVar [[r.Streaming.Boost:1]]
[2020.09.03-01.08.01:139][  0]LogConfig: Setting CVar [[r.MaxAnisotropy:8]]
[2020.09.03-01.08.01:139][  0]LogConfig: Setting CVar [[r.VT.MaxAnisotropy:8]]
[2020.09.03-01.08.01:139][  0]LogConfig: Setting CVar [[r.Streaming.LimitPoolSizeToVRAM:0]]
[2020.09.03-01.08.01:139][  0]LogConfig: Setting CVar [[r.Streaming.PoolSize:1000]]
[2020.09.03-01.08.01:139][  0]LogConfig: Setting CVar [[r.Streaming.MaxEffectiveScreenSize:0]]
[2020.09.03-01.08.01:139][  0]LogConfig: Applying CVar settings from Section [EffectsQuality@3] File [D:/RPG/RRPPGG/RPG/Saved/Config/Windows/Scalability.ini]
[2020.09.03-01.08.01:140][  0]LogConfig: Setting CVar [[r.TranslucencyLightingVolumeDim:64]]
[2020.09.03-01.08.01:140][  0]LogConfig: Setting CVar [[r.RefractionQuality:2]]
[2020.09.03-01.08.01:140][  0]LogConfig: Setting CVar [[r.SSR.Quality:3]]
[2020.09.03-01.08.01:140][  0]LogConfig: Setting CVar [[r.SSR.HalfResSceneColor:0]]
[2020.09.03-01.08.01:140][  0]LogConfig: Setting CVar [[r.SceneColorFormat:4]]
[2020.09.03-01.08.01:140][  0]LogConfig: Setting CVar [[r.DetailMode:2]]
[2020.09.03-01.08.01:140][  0]LogConfig: Setting CVar [[r.TranslucencyVolumeBlur:1]]
[2020.09.03-01.08.01:140][  0]LogConfig: Setting CVar [[r.MaterialQualityLevel:1 ; High quality]]
[2020.09.03-01.08.01:140][  0]LogConfig: Setting CVar [[r.SSS.Scale:1]]
[2020.09.03-01.08.01:140][  0]LogConfig: Setting CVar [[r.SSS.SampleSet:2]]
[2020.09.03-01.08.01:140][  0]LogConfig: Setting CVar [[r.SSS.Quality:1]]
[2020.09.03-01.08.01:140][  0]LogConfig: Setting CVar [[r.SSS.HalfRes:1]]
[2020.09.03-01.08.01:140][  0]LogConfig: Setting CVar [[r.SSGI.Quality:3]]
[2020.09.03-01.08.01:140][  0]LogConfig: Setting CVar [[r.EmitterSpawnRateScale:1.0]]
[2020.09.03-01.08.01:140][  0]LogConfig: Setting CVar [[r.ParticleLightQuality:2]]
[2020.09.03-01.08.01:140][  0]LogConfig: Setting CVar [[r.SkyAtmosphere.AerialPerspectiveLUT.FastApplyOnOpaque:1 ; Always have FastSkyLUT 1 in this case to avoid wrong sky]]
[2020.09.03-01.08.01:140][  0]LogConfig: Setting CVar [[r.SkyAtmosphere.AerialPerspectiveLUT.SampleCountPerSlice:1]]
[2020.09.03-01.08.01:140][  0]LogConfig: Setting CVar [[r.SkyAtmosphere.AerialPerspectiveLUT.DepthResolution:16.0]]
[2020.09.03-01.08.01:140][  0]LogConfig: Setting CVar [[r.SkyAtmosphere.FastSkyLUT:1]]
[2020.09.03-01.08.01:140][  0]LogConfig: Setting CVar [[r.SkyAtmosphere.FastSkyLUT.SampleCountMin:4.0]]
[2020.09.03-01.08.01:140][  0]LogConfig: Setting CVar [[r.SkyAtmosphere.FastSkyLUT.SampleCountMax:32.0]]
[2020.09.03-01.08.01:140][  0]LogConfig: Setting CVar [[r.SkyAtmosphere.SampleCountMin:4.0]]
[2020.09.03-01.08.01:140][  0]LogConfig: Setting CVar [[r.SkyAtmosphere.SampleCountMax:32.0]]
[2020.09.03-01.08.01:140][  0]LogConfig: Setting CVar [[r.SkyAtmosphere.TransmittanceLUT.UseSmallFormat:0]]
[2020.09.03-01.08.01:140][  0]LogConfig: Setting CVar [[r.SkyAtmosphere.TransmittanceLUT.SampleCount:10.0]]
[2020.09.03-01.08.01:140][  0]LogConfig: Setting CVar [[r.SkyAtmosphere.MultiScatteringLUT.SampleCount:15.0]]
[2020.09.03-01.08.01:140][  0]LogConfig: Applying CVar settings from Section [FoliageQuality@3] File [D:/RPG/RRPPGG/RPG/Saved/Config/Windows/Scalability.ini]
[2020.09.03-01.08.01:140][  0]LogConfig: Setting CVar [[foliage.DensityScale:1.0]]
[2020.09.03-01.08.01:140][  0]LogConfig: Setting CVar [[grass.DensityScale:1.0]]
[2020.09.03-01.08.01:140][  0]LogConfig: Applying CVar settings from Section [ShadingQuality@3] File [D:/RPG/RRPPGG/RPG/Saved/Config/Windows/Scalability.ini]
[2020.09.03-01.08.01:140][  0]LogConfig: Setting CVar [[r.HairStrands.SkyLighting.SampleCount:16]]
[2020.09.03-01.08.01:140][  0]LogConfig: Setting CVar [[r.HairStrands.SkyLighting.JitterIntegration:0]]
[2020.09.03-01.08.01:140][  0]LogConfig: Setting CVar [[r.HairStrands.SkyAO.SampleCount:16]]
[2020.09.03-01.08.01:140][  0]LogInit: Selected Device Profile: [Windows]
[2020.09.03-01.08.01:140][  0]LogInit: Applying CVar settings loaded from the selected device profile: [Windows]
[2020.09.03-01.08.01:142][  0]LogHAL: Display: Platform has ~ 16 GB [17045299200 / 17179869184 / 16], which maps to Larger [LargestMinGB=32, LargerMinGB=12, DefaultMinGB=8, SmallerMinGB=6, SmallestMinGB=0)
[2020.09.03-01.08.01:142][  0]LogInit: Going up to parent DeviceProfile []
[2020.09.03-01.08.01:142][  0]LogConfig: Applying CVar settings from Section [ViewDistanceQuality@3] File [D:/RPG/RRPPGG/RPG/Saved/Config/Windows/Scalability.ini]
[2020.09.03-01.08.01:142][  0]LogConfig: Setting CVar [[r.SkeletalMeshLODBias:0]]
[2020.09.03-01.08.01:142][  0]LogConfig: Setting CVar [[r.ViewDistanceScale:1.0]]
[2020.09.03-01.08.01:142][  0]LogConfig: Applying CVar settings from Section [AntiAliasingQuality@3] File [D:/RPG/RRPPGG/RPG/Saved/Config/Windows/Scalability.ini]
[2020.09.03-01.08.01:142][  0]LogConfig: Setting CVar [[r.PostProcessAAQuality:4]]
[2020.09.03-01.08.01:142][  0]LogConfig: Applying CVar settings from Section [ShadowQuality@3] File [D:/RPG/RRPPGG/RPG/Saved/Config/Windows/Scalability.ini]
[2020.09.03-01.08.01:142][  0]LogConfig: Setting CVar [[r.LightFunctionQuality:1]]
[2020.09.03-01.08.01:142][  0]LogConfig: Setting CVar [[r.ShadowQuality:5]]
[2020.09.03-01.08.01:142][  0]LogConfig: Setting CVar [[r.Shadow.CSM.MaxCascades:10]]
[2020.09.03-01.08.01:142][  0]LogConfig: Setting CVar [[r.Shadow.MaxResolution:2048]]
[2020.09.03-01.08.01:142][  0]LogConfig: Setting CVar [[r.Shadow.MaxCSMResolution:2048]]
[2020.09.03-01.08.01:142][  0]LogConfig: Setting CVar [[r.Shadow.RadiusThreshold:0.01]]
[2020.09.03-01.08.01:142][  0]LogConfig: Setting CVar [[r.Shadow.DistanceScale:1.0]]
[2020.09.03-01.08.01:142][  0]LogConfig: Setting CVar [[r.Shadow.CSM.TransitionScale:1.0]]
[2020.09.03-01.08.01:142][  0]LogConfig: Setting CVar [[r.Shadow.PreShadowResolutionFactor:1.0]]
[2020.09.03-01.08.01:142][  0]LogConfig: Setting CVar [[r.DistanceFieldShadowing:1]]
[2020.09.03-01.08.01:142][  0]LogConfig: Setting CVar [[r.DistanceFieldAO:1]]
[2020.09.03-01.08.01:142][  0]LogConfig: Setting CVar [[r.AOQuality:2]]
[2020.09.03-01.08.01:142][  0]LogConfig: Setting CVar [[r.VolumetricFog:1]]
[2020.09.03-01.08.01:142][  0]LogConfig: Setting CVar [[r.VolumetricFog.GridPixelSize:8]]
[2020.09.03-01.08.01:142][  0]LogConfig: Setting CVar [[r.VolumetricFog.GridSizeZ:128]]
[2020.09.03-01.08.01:142][  0]LogConfig: Setting CVar [[r.VolumetricFog.HistoryMissSupersampleCount:4]]
[2020.09.03-01.08.01:142][  0]LogConfig: Setting CVar [[r.LightMaxDrawDistanceScale:1]]
[2020.09.03-01.08.01:142][  0]LogConfig: Setting CVar [[r.CapsuleShadows:1]]
[2020.09.03-01.08.01:142][  0]LogConfig: Applying CVar settings from Section [PostProcessQuality@3] File [D:/RPG/RRPPGG/RPG/Saved/Config/Windows/Scalability.ini]
[2020.09.03-01.08.01:142][  0]LogConfig: Setting CVar [[r.MotionBlurQuality:4]]
[2020.09.03-01.08.01:142][  0]LogConfig: Setting CVar [[r.AmbientOcclusionMipLevelFactor:0.4]]
[2020.09.03-01.08.01:142][  0]LogConfig: Setting CVar [[r.AmbientOcclusionMaxQuality:100]]
[2020.09.03-01.08.01:142][  0]LogConfig: Setting CVar [[r.AmbientOcclusionLevels:-1]]
[2020.09.03-01.08.01:142][  0]LogConfig: Setting CVar [[r.AmbientOcclusionRadiusScale:1.0]]
[2020.09.03-01.08.01:142][  0]LogConfig: Setting CVar [[r.DepthOfFieldQuality:2]]
[2020.09.03-01.08.01:142][  0]LogConfig: Setting CVar [[r.RenderTargetPoolMin:400]]
[2020.09.03-01.08.01:142][  0]LogConfig: Setting CVar [[r.LensFlareQuality:2]]
[2020.09.03-01.08.01:142][  0]LogConfig: Setting CVar [[r.SceneColorFringeQuality:1]]
[2020.09.03-01.08.01:142][  0]LogConfig: Setting CVar [[r.EyeAdaptationQuality:2]]
[2020.09.03-01.08.01:142][  0]LogConfig: Setting CVar [[r.BloomQuality:5]]
[2020.09.03-01.08.01:142][  0]LogConfig: Setting CVar [[r.FastBlurThreshold:100]]
[2020.09.03-01.08.01:142][  0]LogConfig: Setting CVar [[r.Upscale.Quality:3]]
[2020.09.03-01.08.01:142][  0]LogConfig: Setting CVar [[r.Tonemapper.GrainQuantization:1]]
[2020.09.03-01.08.01:142][  0]LogConfig: Setting CVar [[r.LightShaftQuality:1]]
[2020.09.03-01.08.01:142][  0]LogConfig: Setting CVar [[r.Filter.SizeScale:1]]
[2020.09.03-01.08.01:142][  0]LogConfig: Setting CVar [[r.Tonemapper.Quality:5]]
[2020.09.03-01.08.01:142][  0]LogConfig: Setting CVar [[r.DOF.Gather.AccumulatorQuality:1        ; higher gathering accumulator quality]]
[2020.09.03-01.08.01:142][  0]LogConfig: Setting CVar [[r.DOF.Gather.PostfilterMethod:1          ; Median3x3 postfilering method]]
[2020.09.03-01.08.01:142][  0]LogConfig: Setting CVar [[r.DOF.Gather.EnableBokehSettings:0       ; no bokeh simulation when gathering]]
[2020.09.03-01.08.01:142][  0]LogConfig: Setting CVar [[r.DOF.Gather.RingCount:4                 ; medium number of samples when gathering]]
[2020.09.03-01.08.01:142][  0]LogConfig: Setting CVar [[r.DOF.Scatter.ForegroundCompositing:1    ; additive foreground scattering]]
[2020.09.03-01.08.01:142][  0]LogConfig: Setting CVar [[r.DOF.Scatter.BackgroundCompositing:2    ; additive background scattering]]
[2020.09.03-01.08.01:142][  0]LogConfig: Setting CVar [[r.DOF.Scatter.EnableBokehSettings:1      ; bokeh simulation when scattering]]
[2020.09.03-01.08.01:142][  0]LogConfig: Setting CVar [[r.DOF.Scatter.MaxSpriteRatio:0.1         ; only a maximum of 10% of scattered bokeh]]
[2020.09.03-01.08.01:142][  0]LogConfig: Setting CVar [[r.DOF.Recombine.Quality:1                ; cheap slight out of focus]]
[2020.09.03-01.08.01:142][  0]LogConfig: Setting CVar [[r.DOF.Recombine.EnableBokehSettings:0    ; no bokeh simulation on slight out of focus]]
[2020.09.03-01.08.01:142][  0]LogConfig: Setting CVar [[r.DOF.TemporalAAQuality:1                ; more stable temporal accumulation]]
[2020.09.03-01.08.01:142][  0]LogConfig: Setting CVar [[r.DOF.Kernel.MaxForegroundRadius:0.025]]
[2020.09.03-01.08.01:142][  0]LogConfig: Setting CVar [[r.DOF.Kernel.MaxBackgroundRadius:0.025]]
[2020.09.03-01.08.01:142][  0]LogConfig: Applying CVar settings from Section [TextureQuality@3] File [D:/RPG/RRPPGG/RPG/Saved/Config/Windows/Scalability.ini]
[2020.09.03-01.08.01:142][  0]LogConfig: Setting CVar [[r.Streaming.MipBias:0]]
[2020.09.03-01.08.01:142][  0]LogConfig: Setting CVar [[r.Streaming.AmortizeCPUToGPUCopy:0]]
[2020.09.03-01.08.01:143][  0]LogConfig: Setting CVar [[r.Streaming.MaxNumTexturesToStreamPerFrame:0]]
[2020.09.03-01.08.01:143][  0]LogConfig: Setting CVar [[r.Streaming.Boost:1]]
[2020.09.03-01.08.01:143][  0]LogConfig: Setting CVar [[r.MaxAnisotropy:8]]
[2020.09.03-01.08.01:143][  0]LogConfig: Setting CVar [[r.VT.MaxAnisotropy:8]]
[2020.09.03-01.08.01:143][  0]LogConfig: Setting CVar [[r.Streaming.LimitPoolSizeToVRAM:0]]
[2020.09.03-01.08.01:143][  0]LogConfig: Setting CVar [[r.Streaming.PoolSize:1000]]
[2020.09.03-01.08.01:143][  0]LogConfig: Setting CVar [[r.Streaming.MaxEffectiveScreenSize:0]]
[2020.09.03-01.08.01:143][  0]LogConfig: Applying CVar settings from Section [EffectsQuality@3] File [D:/RPG/RRPPGG/RPG/Saved/Config/Windows/Scalability.ini]
[2020.09.03-01.08.01:143][  0]LogConfig: Setting CVar [[r.TranslucencyLightingVolumeDim:64]]
[2020.09.03-01.08.01:143][  0]LogConfig: Setting CVar [[r.RefractionQuality:2]]
[2020.09.03-01.08.01:143][  0]LogConfig: Setting CVar [[r.SSR.Quality:3]]
[2020.09.03-01.08.01:143][  0]LogConfig: Setting CVar [[r.SSR.HalfResSceneColor:0]]
[2020.09.03-01.08.01:143][  0]LogConfig: Setting CVar [[r.SceneColorFormat:4]]
[2020.09.03-01.08.01:143][  0]LogConfig: Setting CVar [[r.DetailMode:2]]
[2020.09.03-01.08.01:143][  0]LogConfig: Setting CVar [[r.TranslucencyVolumeBlur:1]]
[2020.09.03-01.08.01:143][  0]LogConfig: Setting CVar [[r.MaterialQualityLevel:1 ; High quality]]
[2020.09.03-01.08.01:143][  0]LogConfig: Setting CVar [[r.SSS.Scale:1]]
[2020.09.03-01.08.01:143][  0]LogConfig: Setting CVar [[r.SSS.SampleSet:2]]
[2020.09.03-01.08.01:143][  0]LogConfig: Setting CVar [[r.SSS.Quality:1]]
[2020.09.03-01.08.01:143][  0]LogConfig: Setting CVar [[r.SSS.HalfRes:1]]
[2020.09.03-01.08.01:143][  0]LogConfig: Setting CVar [[r.SSGI.Quality:3]]
[2020.09.03-01.08.01:143][  0]LogConfig: Setting CVar [[r.EmitterSpawnRateScale:1.0]]
[2020.09.03-01.08.01:143][  0]LogConfig: Setting CVar [[r.ParticleLightQuality:2]]
[2020.09.03-01.08.01:143][  0]LogConfig: Setting CVar [[r.SkyAtmosphere.AerialPerspectiveLUT.FastApplyOnOpaque:1 ; Always have FastSkyLUT 1 in this case to avoid wrong sky]]
[2020.09.03-01.08.01:143][  0]LogConfig: Setting CVar [[r.SkyAtmosphere.AerialPerspectiveLUT.SampleCountPerSlice:1]]
[2020.09.03-01.08.01:143][  0]LogConfig: Setting CVar [[r.SkyAtmosphere.AerialPerspectiveLUT.DepthResolution:16.0]]
[2020.09.03-01.08.01:143][  0]LogConfig: Setting CVar [[r.SkyAtmosphere.FastSkyLUT:1]]
[2020.09.03-01.08.01:143][  0]LogConfig: Setting CVar [[r.SkyAtmosphere.FastSkyLUT.SampleCountMin:4.0]]
[2020.09.03-01.08.01:143][  0]LogConfig: Setting CVar [[r.SkyAtmosphere.FastSkyLUT.SampleCountMax:32.0]]
[2020.09.03-01.08.01:143][  0]LogConfig: Setting CVar [[r.SkyAtmosphere.SampleCountMin:4.0]]
[2020.09.03-01.08.01:143][  0]LogConfig: Setting CVar [[r.SkyAtmosphere.SampleCountMax:32.0]]
[2020.09.03-01.08.01:143][  0]LogConfig: Setting CVar [[r.SkyAtmosphere.TransmittanceLUT.UseSmallFormat:0]]
[2020.09.03-01.08.01:143][  0]LogConfig: Setting CVar [[r.SkyAtmosphere.TransmittanceLUT.SampleCount:10.0]]
[2020.09.03-01.08.01:143][  0]LogConfig: Setting CVar [[r.SkyAtmosphere.MultiScatteringLUT.SampleCount:15.0]]
[2020.09.03-01.08.01:143][  0]LogConfig: Applying CVar settings from Section [FoliageQuality@3] File [D:/RPG/RRPPGG/RPG/Saved/Config/Windows/Scalability.ini]
[2020.09.03-01.08.01:143][  0]LogConfig: Setting CVar [[foliage.DensityScale:1.0]]
[2020.09.03-01.08.01:143][  0]LogConfig: Setting CVar [[grass.DensityScale:1.0]]
[2020.09.03-01.08.01:143][  0]LogConfig: Applying CVar settings from Section [ShadingQuality@3] File [D:/RPG/RRPPGG/RPG/Saved/Config/Windows/Scalability.ini]
[2020.09.03-01.08.01:143][  0]LogConfig: Setting CVar [[r.HairStrands.SkyLighting.SampleCount:16]]
[2020.09.03-01.08.01:143][  0]LogConfig: Setting CVar [[r.HairStrands.SkyLighting.JitterIntegration:0]]
[2020.09.03-01.08.01:143][  0]LogConfig: Setting CVar [[r.HairStrands.SkyAO.SampleCount:16]]
[2020.09.03-01.08.01:144][  0]LogConfig: Applying CVar settings from Section [Startup] File [../../../Engine/Config/ConsoleVariables.ini]
[2020.09.03-01.08.01:144][  0]LogConfig: Setting CVar [[net.UseAdaptiveNetUpdateFrequency:0]]
[2020.09.03-01.08.01:144][  0]LogConfig: Setting CVar [[p.chaos.AllowCreatePhysxBodies:1]]
[2020.09.03-01.08.01:144][  0]LogConfig: Applying CVar settings from Section [ConsoleVariables] File [D:/RPG/RRPPGG/RPG/Saved/Config/Windows/Engine.ini]
[2020.09.03-01.08.01:144][  0]LogInit: Computer: M514-015
[2020.09.03-01.08.01:144][  0]LogInit: User: IM
[2020.09.03-01.08.01:144][  0]LogInit: CPU Page size=4096, Cores=6
[2020.09.03-01.08.01:144][  0]LogInit: High frequency timer resolution =10.000000 MHz
[2020.09.03-01.08.01:144][  0]LogMemory: Memory total: Physical=15.9GB (16GB approx)
[2020.09.03-01.08.01:144][  0]LogMemory: Platform Memory Stats for Windows
[2020.09.03-01.08.01:144][  0]LogMemory: Process Physical Memory: 106.33 MB used, 106.34 MB peak
[2020.09.03-01.08.01:144][  0]LogMemory: Process Virtual Memory: 101.49 MB used, 101.49 MB peak
[2020.09.03-01.08.01:144][  0]LogMemory: Physical Memory: 4624.88 MB used,  11630.78 MB free, 16255.66 MB total
[2020.09.03-01.08.01:144][  0]LogMemory: Virtual Memory: 5159.34 MB used,  134212568.00 MB free, 134217728.00 MB total
[2020.09.03-01.08.01:146][  0]LogWindows: WindowsPlatformFeatures enabled
[2020.09.03-01.08.01:156][  0]LogInit: Using OS detected language (zh-TW).
[2020.09.03-01.08.01:156][  0]LogInit: Using OS detected locale (zh-TW).
[2020.09.03-01.08.01:157][  0]LogTextLocalizationManager: No localization for 'zh-TW' exists, so 'en' will be used for the language.
[2020.09.03-01.08.01:283][  0]LogInit: Setting process to per monitor DPI aware
[2020.09.03-01.08.01:319][  0]LogSlate: New Slate User Created.  User Index 0, Is Virtual User: 0
[2020.09.03-01.08.01:319][  0]LogSlate: Slate User Registered.  User Index 0, Is Virtual User: 0
[2020.09.03-01.08.01:409][  0]LogHMD: Failed to initialize OpenVR with code 110
[2020.09.03-01.08.01:409][  0]LogD3D11RHI: D3D11 min allowed feature level: 11_0
[2020.09.03-01.08.01:409][  0]LogD3D11RHI: D3D11 max allowed feature level: 11_0
[2020.09.03-01.08.01:409][  0]LogD3D11RHI: D3D11 adapters:
[2020.09.03-01.08.01:451][  0]LogD3D11RHI:    0. 'NVIDIA Quadro P1000' (Feature Level 11_0)
[2020.09.03-01.08.01:451][  0]LogD3D11RHI:       4019/0/8127 MB DedicatedVideo/DedicatedSystem/SharedSystem, Outputs:1, VendorId:0x10de
[2020.09.03-01.08.01:453][  0]LogD3D11RHI:    1. 'Microsoft Basic Render Driver' (Feature Level 11_0)
[2020.09.03-01.08.01:453][  0]LogD3D11RHI:       0/0/8127 MB DedicatedVideo/DedicatedSystem/SharedSystem, Outputs:0, VendorId:0x1414
[2020.09.03-01.08.01:453][  0]LogD3D11RHI: Chosen D3D11 Adapter: 0
[2020.09.03-01.08.01:458][  0]LogD3D11RHI: Creating new Direct3DDevice
[2020.09.03-01.08.01:459][  0]LogD3D11RHI:     GPU DeviceId: 0x1cb1 (for the marketing name, search the web for "GPU Device Id")
[2020.09.03-01.08.01:459][  0]LogWindows: EnumDisplayDevices:
[2020.09.03-01.08.01:459][  0]LogWindows:    0. 'NVIDIA Quadro P1000' (P:1 D:1)
[2020.09.03-01.08.01:459][  0]LogWindows:    1. 'NVIDIA Quadro P1000' (P:0 D:0)
[2020.09.03-01.08.01:459][  0]LogWindows:    2. 'NVIDIA Quadro P1000' (P:0 D:0)
[2020.09.03-01.08.01:459][  0]LogWindows:    3. 'NVIDIA Quadro P1000' (P:0 D:0)
[2020.09.03-01.08.01:459][  0]LogWindows: DebugString: FoundDriverCount:4 
[2020.09.03-01.08.01:459][  0]LogD3D11RHI:     Adapter Name: NVIDIA Quadro P1000
[2020.09.03-01.08.01:459][  0]LogD3D11RHI:   Driver Version: 430.86 (internal:26.21.14.3086, unified:430.86)
[2020.09.03-01.08.01:459][  0]LogD3D11RHI:      Driver Date: 5-22-2019
[2020.09.03-01.08.01:459][  0]LogRHI: Texture pool is 2813 MB (70% of 4019 MB)
[2020.09.03-01.08.01:488][  0]LogD3D11RHI: RHI has support for 64 bit atomics
[2020.09.03-01.08.01:488][  0]LogD3D11RHI: Async texture creation enabled
[2020.09.03-01.08.01:499][  0]LogD3D11RHI: GPU Timing Frequency: 1000.000000 (Debug: 2 1)
[2020.09.03-01.08.02:078][  0]LogTargetPlatformManager: Display: Loaded TargetPlatform 'AllDesktop'
[2020.09.03-01.08.02:100][  0]LogTargetPlatformManager: Display: Loaded TargetPlatform 'Android'
[2020.09.03-01.08.02:100][  0]LogTargetPlatformManager: Display: Loaded TargetPlatform 'Android_ASTC'
[2020.09.03-01.08.02:100][  0]LogTargetPlatformManager: Display: Loaded TargetPlatform 'Android_ATC'
[2020.09.03-01.08.02:100][  0]LogTargetPlatformManager: Display: Loaded TargetPlatform 'Android_DXT'
[2020.09.03-01.08.02:100][  0]LogTargetPlatformManager: Display: Loaded TargetPlatform 'Android_ETC1'
[2020.09.03-01.08.02:101][  0]LogTargetPlatformManager: Display: Loaded TargetPlatform 'Android_ETC1a'
[2020.09.03-01.08.02:101][  0]LogTargetPlatformManager: Display: Loaded TargetPlatform 'Android_ETC2'
[2020.09.03-01.08.02:101][  0]LogTargetPlatformManager: Display: Loaded TargetPlatform 'Android_PVRTC'
[2020.09.03-01.08.02:101][  0]LogTargetPlatformManager: Display: Loaded TargetPlatform 'AndroidClient'
[2020.09.03-01.08.02:101][  0]LogTargetPlatformManager: Display: Loaded TargetPlatform 'Android_ASTCClient'
[2020.09.03-01.08.02:101][  0]LogTargetPlatformManager: Display: Loaded TargetPlatform 'Android_ATCClient'
[2020.09.03-01.08.02:101][  0]LogTargetPlatformManager: Display: Loaded TargetPlatform 'Android_DXTClient'
[2020.09.03-01.08.02:101][  0]LogTargetPlatformManager: Display: Loaded TargetPlatform 'Android_ETC1Client'
[2020.09.03-01.08.02:101][  0]LogTargetPlatformManager: Display: Loaded TargetPlatform 'Android_ETC1aClient'
[2020.09.03-01.08.02:101][  0]LogTargetPlatformManager: Display: Loaded TargetPlatform 'Android_ETC2Client'
[2020.09.03-01.08.02:101][  0]LogTargetPlatformManager: Display: Loaded TargetPlatform 'Android_PVRTCClient'
[2020.09.03-01.08.02:101][  0]LogTargetPlatformManager: Display: Loaded TargetPlatform 'Android_Multi'
[2020.09.03-01.08.02:101][  0]LogTargetPlatformManager: Display: Loaded TargetPlatform 'Android_MultiClient'
[2020.09.03-01.08.02:114][  0]LogTargetPlatformManager: Display: Loaded TargetPlatform 'IOSClient'
[2020.09.03-01.08.02:114][  0]LogTargetPlatformManager: Display: Loaded TargetPlatform 'IOS'
[2020.09.03-01.08.02:119][  0]LogTargetPlatformManager: Display: Loaded TargetPlatform 'LinuxNoEditor'
[2020.09.03-01.08.02:124][  0]LogTargetPlatformManager: Display: Loaded TargetPlatform 'LinuxClient'
[2020.09.03-01.08.02:129][  0]LogTargetPlatformManager: Display: Loaded TargetPlatform 'LinuxServer'
[2020.09.03-01.08.02:134][  0]LogTargetPlatformManager: Display: Loaded TargetPlatform 'LinuxAArch64NoEditor'
[2020.09.03-01.08.02:140][  0]LogTargetPlatformManager: Display: Loaded TargetPlatform 'LinuxAArch64Client'
[2020.09.03-01.08.02:145][  0]LogTargetPlatformManager: Display: Loaded TargetPlatform 'LinuxAArch64Server'
[2020.09.03-01.08.02:162][  0]LogTargetPlatformManager: Display: Loaded TargetPlatform 'Lumin'
[2020.09.03-01.08.02:162][  0]LogTargetPlatformManager: Display: Loaded TargetPlatform 'LuminClient'
[2020.09.03-01.08.02:170][  0]LogTargetPlatformManager: Display: Loaded TargetPlatform 'TVOSClient'
[2020.09.03-01.08.02:171][  0]LogTargetPlatformManager: Display: Loaded TargetPlatform 'TVOS'
[2020.09.03-01.08.02:176][  0]LogTargetPlatformManager: Display: Loaded TargetPlatform 'WindowsNoEditor'
[2020.09.03-01.08.02:181][  0]LogTargetPlatformManager: Display: Loaded TargetPlatform 'Windows'
[2020.09.03-01.08.02:186][  0]LogTargetPlatformManager: Display: Loaded TargetPlatform 'WindowsClient'
[2020.09.03-01.08.02:192][  0]LogTargetPlatformManager: Display: Loaded TargetPlatform 'WindowsServer'
[2020.09.03-01.08.02:192][  0]LogTargetPlatformManager: Display: Building Assets For Windows
[2020.09.03-01.08.02:193][  0]LogAudioDebug: Display: Lib vorbis DLL was dynamically loaded.
[2020.09.03-01.08.02:209][  0]LogShaderCompilers: Guid format shader working directory is 26 characters bigger than the processId version (D:/RPG/RRPPGG/RPG/Intermediate/Shaders/WorkingDirectory/6756/).
[2020.09.03-01.08.02:209][  0]LogShaderCompilers: Cleaned the shader compiler working directory 'C:/Users/IM/AppData/Local/Temp/UnrealShaderWorkingDir/E43446284975DEFFD3FFF8AE941162EE/'.
[2020.09.03-01.08.02:209][  0]LogXGEController: Cannot use XGE Controller as Incredibuild is not installed on this machine.
[2020.09.03-01.08.02:209][  0]LogShaderCompilers: Cannot use XGE Shader Compiler as Incredibuild is not installed on this machine.
[2020.09.03-01.08.02:209][  0]LogShaderCompilers: Display: Using Local Shader Compiler.
[2020.09.03-01.08.02:786][  0]LogDerivedDataCache: Display: Max Cache Size: 512 MB
[2020.09.03-01.08.02:832][  0]LogDerivedDataCache: Loaded boot cache 0.05s 78MB C:/Users/IM/AppData/Local/UnrealEngine/4.24/DerivedDataCache/Boot.ddc.
[2020.09.03-01.08.02:833][  0]LogDerivedDataCache: Display: Loaded Boot cache: C:/Users/IM/AppData/Local/UnrealEngine/4.24/DerivedDataCache/Boot.ddc
[2020.09.03-01.08.02:833][  0]LogDerivedDataCache: FDerivedDataBackendGraph:  Pak pak cache file D:/RPG/RRPPGG/RPG/DerivedDataCache/DDC.ddp not found, will not use a pak cache.
[2020.09.03-01.08.02:833][  0]LogDerivedDataCache: Unable to find inner node Pak for hierarchical cache Hierarchy.
[2020.09.03-01.08.02:833][  0]LogDerivedDataCache: FDerivedDataBackendGraph:  CompressedPak pak cache file D:/RPG/RRPPGG/RPG/DerivedDataCache/Compressed.ddp not found, will not use a pak cache.
[2020.09.03-01.08.02:833][  0]LogDerivedDataCache: Unable to find inner node CompressedPak for hierarchical cache Hierarchy.
[2020.09.03-01.08.02:841][  0]LogDerivedDataCache: Display: Pak cache opened for reading ../../../Engine/DerivedDataCache/Compressed.ddp.
[2020.09.03-01.08.02:842][  0]LogDerivedDataCache: FDerivedDataBackendGraph:  EnterprisePak pak cache file ../../../Enterprise/DerivedDataCache/Compressed.ddp not found, will not use a pak cache.
[2020.09.03-01.08.02:842][  0]LogDerivedDataCache: Unable to find inner node EnterprisePak for hierarchical cache Hierarchy.
[2020.09.03-01.08.02:913][  0]LogDerivedDataCache: Using Local data cache path C:/Users/IM/AppData/Local/UnrealEngine/Common/DerivedDataCache: Writable
[2020.09.03-01.08.02:913][  0]LogDerivedDataCache: Shared data cache path not found in *engine.ini, will not use an Shared cache.
[2020.09.03-01.08.02:913][  0]LogDerivedDataCache: Unable to find inner node Shared for hierarchical cache Hierarchy.
[2020.09.03-01.08.02:934][  0]LogMaterial: Verifying Global Shaders for PCD3D_SM5
[2020.09.03-01.08.02:936][  0]LogSlate: Using FreeType 2.10.0
[2020.09.03-01.08.02:937][  0]LogSlate: SlateFontServices - WITH_FREETYPE: 1, WITH_HARFBUZZ: 1
[2020.09.03-01.08.02:979][  0]LogAssetRegistry: FAssetRegistry took 0.0028 seconds to start up
[2020.09.03-01.08.03:198][  0]LogInit: Selected Device Profile: [Windows]
[2020.09.03-01.08.03:321][  0]LogMeshReduction: Using QuadricMeshReduction for automatic static mesh reduction
[2020.09.03-01.08.03:321][  0]LogMeshReduction: Using SimplygonMeshReduction for automatic skeletal mesh reduction
[2020.09.03-01.08.03:321][  0]LogMeshReduction: Using ProxyLODMeshReduction for automatic mesh merging
[2020.09.03-01.08.03:321][  0]LogMeshReduction: No distributed automatic mesh merging module available
[2020.09.03-01.08.03:321][  0]LogMeshMerging: No distributed automatic mesh merging module available
[2020.09.03-01.08.03:332][  0]LogNetVersion: RPG 1.0.0, NetCL: 10570792, EngineNetVer: 13, GameNetVer: 0 (Checksum: 3823170462)
[2020.09.03-01.08.04:222][  0]LogPackageLocalizationCache: Processed 10 localized package path(s) for 1 prioritized culture(s) in 0.024828 seconds
[2020.09.03-01.08.04:228][  0]LogUObjectArray: 46750 objects as part of root set at end of initial load.
[2020.09.03-01.08.04:228][  0]LogUObjectAllocator: 8137160 out of 0 bytes used by permanent object pool.
[2020.09.03-01.08.04:228][  0]LogUObjectArray: CloseDisregardForGC: 0/0 objects in disregard for GC pool
[2020.09.03-01.08.04:540][  0]LogTcpMessaging: Initializing TcpMessaging bridge
[2020.09.03-01.08.04:542][  0]LogUdpMessaging: Initializing bridge on interface 0.0.0.0:0 to multicast group 230.0.0.1:6666.
[2020.09.03-01.08.04:577][  0]SourceControl: Source control is disabled
[2020.09.03-01.08.04:577][  0]SourceControl: Source control is disabled
[2020.09.03-01.08.04:578][  0]SourceControl: Source control is disabled
[2020.09.03-01.08.04:578][  0]SourceControl: Source control is disabled
[2020.09.03-01.08.04:579][  0]SourceControl: Source control is disabled
[2020.09.03-01.08.04:637][  0]LogAndroidPermission: UAndroidPermissionCallbackProxy::GetInstance
[2020.09.03-01.08.04:646][  0]LogAudioCaptureCore: Display: No Audio Capture implementations found. Audio input will be silent.
[2020.09.03-01.08.04:646][  0]LogAudioCaptureCore: Display: No Audio Capture implementations found. Audio input will be silent.
[2020.09.03-01.08.05:183][  0]LogOcInput: OculusInput pre-init called
[2020.09.03-01.08.05:189][  0]LogWindows: Failed to load 'OVRPlugin.dll' (GetLastError=126)
[2020.09.03-01.08.05:189][  0]LogWindows: File 'OVRPlugin.dll' does not exist
[2020.09.03-01.08.05:474][  0]LogEngine: Initializing Engine...
[2020.09.03-01.08.05:475][  0]LogHMD: Failed to initialize OpenVR with code 110
[2020.09.03-01.08.05:476][  0]LogStats: UGameplayTagsManager::InitializeManager -  0.000 s
[2020.09.03-01.08.08:042][  0]LogInit: Initializing FReadOnlyCVARCache
[2020.09.03-01.08.08:048][  0]LogAIModule: Creating AISystem for world Untitled
[2020.09.03-01.08.08:049][  0]LogAudioMixer: Display: Audio Mixer Platform Settings:
[2020.09.03-01.08.08:049][  0]LogAudioMixer: Display: 	Sample Rate:						  48000
[2020.09.03-01.08.08:049][  0]LogAudioMixer: Display: 	Callback Buffer Frame Size Requested: 1024
[2020.09.03-01.08.08:049][  0]LogAudioMixer: Display: 	Callback Buffer Frame Size To Use:	  1024
[2020.09.03-01.08.08:049][  0]LogAudioMixer: Display: 	Number of buffers to queue:			  2
[2020.09.03-01.08.08:049][  0]LogAudioMixer: Display: 	Max Channels (voices):				  32
[2020.09.03-01.08.08:049][  0]LogAudioMixer: Display: 	Number of Async Source Workers:		  0
[2020.09.03-01.08.08:049][  0]LogAudio: Display: AudioDevice MaxSources: 32
[2020.09.03-01.08.08:050][  0]LogAudio: Display: Using built-in audio occlusion.
[2020.09.03-01.08.08:050][  0]LogAudioMixer: Display: Initializing audio mixer.
[2020.09.03-01.08.08:054][  0]LogAudioMixer: Display: Using Audio Device Unknown
[2020.09.03-01.08.08:056][  0]LogInit: FAudioDevice initialized.
[2020.09.03-01.08.08:056][  0]LogNetVersion: Set ProjectVersion to 1.0.0.0. Version Checksum will be recalculated on next use.
[2020.09.03-01.08.11:645][  0]LogDerivedDataCache: Saved boot cache 3.59s 78MB C:/Users/IM/AppData/Local/UnrealEngine/4.24/DerivedDataCache/Boot.ddc.
[2020.09.03-01.08.11:648][  0]LogInit: Texture streaming: Enabled
[2020.09.03-01.08.11:654][  0]LogEngineSessionManager: EngineSessionManager initialized
[2020.09.03-01.08.11:654][  0]LogEditorSessionSummary: Verbose: Initializing EditorSessionSummaryWriter for editor session tracking
[2020.09.03-01.08.11:655][  0]LogEditorSessionSummary: EditorSessionSummaryWriter initialized
[2020.09.03-01.08.11:695][  0]LogInit: Transaction tracking system initialized
[2020.09.03-01.08.11:701][  0]BlueprintLog: New page: Editor Load
[2020.09.03-01.08.11:719][  0]LocalizationService: Localization service is disabled
[2020.09.03-01.08.13:053][  0]LogFileCache: Scanning file cache for directory 'D:/RPG/RRPPGG/RPG/Content/' took 0.01s
[2020.09.03-01.08.13:053][  0]LogCook: Display: Max memory allowance for cook 16384mb min free memory 0mb
[2020.09.03-01.08.13:053][  0]LogCook: Display: Mobile HDR setting 1
[2020.09.03-01.08.14:031][  0]SourceControl: Source control is disabled
[2020.09.03-01.08.14:192][  0]LogSlate: Took 0.000114 seconds to synchronously load lazily loaded font '../../../Engine/Content/Slate/Fonts/Roboto-Regular.ttf' (155K)
[2020.09.03-01.08.14:199][  0]LogSlate: Took 0.004278 seconds to synchronously load lazily loaded font '../../../Engine/Content/Slate/Fonts/DroidSansFallback.ttf' (3848K)
[2020.09.03-01.08.17:705][  0]LogSlate: Window 'Restore Packages' being destroyed
[2020.09.03-01.08.17:707][  0]LogWindowsTextInputMethodSystem: Display: IME system now activated using TSF (微軟注音).
[2020.09.03-01.08.17:729][  0]LogWindowsTextInputMethodSystem: Display: IME system now activated using TSF (微軟注音).
[2020.09.03-01.08.17:730][  0]Cmd: MAP LOAD FILE="D:/RPG/RRPPGG/RPG/Content/遊戲關卡/地圖/NewMap.umap" TEMPLATE=0 SHOWPROGRESS=1 FEATURELEVEL=3
[2020.09.03-01.08.17:730][  0]LightingResults: New page: Lighting Build
[2020.09.03-01.08.17:731][  0]LogWorld: UWorld::CleanupWorld for Untitled, bSessionEnded=true, bCleanupResources=true
[2020.09.03-01.08.17:731][  0]LogSlate: InvalidateAllWidgets triggered.  All widgets were invalidated
[2020.09.03-01.08.17:731][  0]MapCheck: New page: Map Check
[2020.09.03-01.08.17:731][  0]LightingResults: New page: Lighting Build
[2020.09.03-01.08.17:755][  0]LogUObjectHash: Compacting FUObjectHashTables data took   1.36ms
[2020.09.03-01.08.20:237][  0]LogAIModule: Creating AISystem for world NewMap
[2020.09.03-01.08.20:338][  0]LogEditorServer: Finished looking for orphan Actors (0.000 secs)
[2020.09.03-01.08.20:376][  0]LogUObjectHash: Compacting FUObjectHashTables data took   1.98ms
[2020.09.03-01.08.20:377][  0]Cmd: MAP CHECKDEP NOCLEARLOG
[2020.09.03-01.08.20:377][  0]MapCheck: Map check complete: 0 Error(s), 0 Warning(s), took 0.126ms to complete.
[2020.09.03-01.08.20:377][  0]LogFileHelpers: Loading map 'NewMap' took 2.647
[2020.09.03-01.08.20:456][  0]LogSlate: Updating window title bar state: overlay mode, drag disabled, window buttons hidden, title bar hidden
[2020.09.03-01.08.20:461][  0]LogSlate: Updating window title bar state: overlay mode, drag disabled, window buttons hidden, title bar hidden
[2020.09.03-01.08.20:467][  0]LogSlate: Updating window title bar state: overlay mode, drag disabled, window buttons hidden, title bar hidden
[2020.09.03-01.08.20:475][  0]LogSlate: Updating window title bar state: overlay mode, drag disabled, window buttons hidden, title bar hidden
[2020.09.03-01.08.20:482][  0]LogCollectionManager: Loaded 0 collections in 0.000703 seconds
[2020.09.03-01.08.20:493][  0]LogFileCache: Scanning file cache for directory 'D:/RPG/RRPPGG/RPG/Saved/Collections/' took 0.00s
[2020.09.03-01.08.20:493][  0]LogFileCache: Scanning file cache for directory 'D:/RPG/RRPPGG/RPG/Content/Developers/IM/Collections/' took 0.00s
[2020.09.03-01.08.20:493][  0]LogFileCache: Scanning file cache for directory 'D:/RPG/RRPPGG/RPG/Content/Collections/' took 0.00s
[2020.09.03-01.08.20:493][  0]LogContentBrowser: Native class hierarchy populated in 0.0068 seconds. Added 3015 classes and 717 folders.
[2020.09.03-01.08.20:495][  0]LogContentBrowser: Native class hierarchy updated for 'WidgetCarousel' in 0.0002 seconds. Added 0 classes and 0 folders.
[2020.09.03-01.08.20:792][  0]LogContentBrowser: Native class hierarchy updated for 'AddContentDialog' in 0.0003 seconds. Added 0 classes and 0 folders.
[2020.09.03-01.08.20:795][  0]LogContentBrowser: Native class hierarchy updated for 'SceneOutliner' in 0.0002 seconds. Added 2 classes and 3 folders.
[2020.09.03-01.08.20:899][  0]LogSlate: Took 0.000105 seconds to synchronously load lazily loaded font '../../../Engine/Content/Slate/Fonts/Roboto-Bold.ttf' (160K)
[2020.09.03-01.08.20:906][  0]LogSlate: Took 0.003712 seconds to synchronously load lazily loaded font '../../../Engine/Content/Editor/Slate/Fonts/FontAwesome.ttf' (139K)
[2020.09.03-01.08.21:069][  0]LogRenderer: Reallocating scene render targets to support 1208x572 Format 10 NumSamples 1 (Frame:1).
[2020.09.03-01.08.21:168][  0]LogContentBrowser: Native class hierarchy updated for 'HierarchicalLODOutliner' in 0.0002 seconds. Added 0 classes and 0 folders.
[2020.09.03-01.08.21:168][  0]LogLoad: (Engine Initialization) Total time: 21.05 seconds
[2020.09.03-01.08.21:168][  0]LogLoad: (Engine Initialization) Total Blueprint compile time: 0.00 seconds
[2020.09.03-01.08.21:285][  0]LogContentStreaming: Texture pool size now 1000 MB
[2020.09.03-01.08.22:321][ 11]LogSlate: Took 0.000118 seconds to synchronously load lazily loaded font '../../../Engine/Content/Slate/Fonts/Roboto-Light.ttf' (167K)
[2020.09.03-01.08.23:307][ 22]LogAssetRegistry: Asset discovery search completed in 20.3282 seconds
[2020.09.03-01.08.23:310][ 22]LogCollectionManager: Fixed up redirectors for 0 collections in 0.000006 seconds (updated 0 objects)
[2020.09.03-01.08.35:007][935]LogAssetEditorSubsystem: Opening Asset editor for Blueprint /Game/BP/BP_MMAN.BP_MMAN
[2020.09.03-01.08.35:123][935]LogContentBrowser: Native class hierarchy updated for 'BlueprintGraph' in 0.0004 seconds. Added 121 classes and 0 folders.
[2020.09.03-01.08.36:071][935]LogAssetEditorSubsystem: Opening Asset editor for Blueprint /Game/BP/BP_殭屍.BP_殭屍
[2020.09.03-01.08.36:324][935]LogSlate: Took 0.003550 seconds to synchronously load lazily loaded font '../../../Engine/Content/Slate/Fonts/Roboto-BoldCondensed.ttf' (158K)
[2020.09.03-01.08.39:122][256]LogSlate: Took 0.000125 seconds to synchronously load lazily loaded font '../../../Engine/Content/Slate/Fonts/Roboto-Italic.ttf' (157K)
[2020.09.03-01.08.42:154][612]LogRenderer: Reallocating scene render targets to support 1208x708 Format 10 NumSamples 1 (Frame:1).
[2020.09.03-01.08.48:680][355]LogTemp: Repeating last play command: Selected Viewport
[2020.09.03-01.08.48:696][355]LogPlayLevel: PlayLevel: No blueprints needed recompiling
[2020.09.03-01.08.48:696][355]PIE: New page: PIE session: NewMap (2020年9月3日 下午5:08:48)
[2020.09.03-01.08.48:697][355]LogOnline: OSS: Creating online subsystem instance for: NULL
[2020.09.03-01.08.48:698][355]LogOnline: OSS: TryLoadSubsystemAndSetDefault: Loaded subsystem for module [NULL]
[2020.09.03-01.08.48:698][355]LogPlayLevel: Creating play world package: /Game/遊戲關卡/地圖/UEDPIE_0_NewMap
[2020.09.03-01.08.48:718][355]LogPlayLevel: PIE: StaticDuplicateObject took: (0.020557s)
[2020.09.03-01.08.48:718][355]LogAIModule: Creating AISystem for world NewMap
[2020.09.03-01.08.48:719][355]LogPlayLevel: PIE: World Init took: (0.000860s)
[2020.09.03-01.08.48:719][355]LogPlayLevel: PIE: Created PIE world by copying editor world from /Game/遊戲關卡/地圖/NewMap.NewMap to /Game/遊戲關卡/地圖/UEDPIE_0_NewMap.NewMap (0.021600s)
[2020.09.03-01.08.48:752][355]LogUObjectHash: Compacting FUObjectHashTables data took   2.57ms
[2020.09.03-01.08.48:756][355]LogAudioMixer: Display: Audio Mixer Platform Settings:
[2020.09.03-01.08.48:756][355]LogAudioMixer: Display: 	Sample Rate:						  48000
[2020.09.03-01.08.48:756][355]LogAudioMixer: Display: 	Callback Buffer Frame Size Requested: 1024
[2020.09.03-01.08.48:756][355]LogAudioMixer: Display: 	Callback Buffer Frame Size To Use:	  1024
[2020.09.03-01.08.48:756][355]LogAudioMixer: Display: 	Number of buffers to queue:			  2
[2020.09.03-01.08.48:756][355]LogAudioMixer: Display: 	Max Channels (voices):				  32
[2020.09.03-01.08.48:756][355]LogAudioMixer: Display: 	Number of Async Source Workers:		  0
[2020.09.03-01.08.48:756][355]LogAudio: Display: AudioDevice MaxSources: 32
[2020.09.03-01.08.48:756][355]LogAudio: Display: Using built-in audio occlusion.
[2020.09.03-01.08.48:756][355]LogAudioMixer: Display: Initializing audio mixer.
[2020.09.03-01.08.48:757][355]LogAudioMixer: Display: Using Audio Device Unknown
[2020.09.03-01.08.48:759][355]LogInit: FAudioDevice initialized.
[2020.09.03-01.08.48:767][355]LogLoad: Game class is 'ThirdPersonGameMode_C'
[2020.09.03-01.08.48:783][355]LogWorld: Bringing World /Game/遊戲關卡/地圖/UEDPIE_0_NewMap.NewMap up for play (max tick rate 0) at 2020.09.03-09.08.48
[2020.09.03-01.08.48:784][355]LogWorld: Bringing up level for play took: 0.015959
[2020.09.03-01.08.48:785][355]LogOnline: OSS: Creating online subsystem instance for: :Context_4
[2020.09.03-01.08.48:787][355]LogContentBrowser: Native class hierarchy updated for 'MovieSceneCapture' in 0.0002 seconds. Added 20 classes and 0 folders.
[2020.09.03-01.08.48:790][355]PIE: Play in editor start time for /Game/遊戲關卡/地圖/UEDPIE_0_NewMap -0.294
[2020.09.03-01.08.57:595][927]LogAudioMixer: Display: No commands were queued while flushing the source manager.
[2020.09.03-01.08.57:613][927]LogAudioMixer: Display: Flush succeeded in the source manager command queue (1).
[2020.09.03-01.08.57:634][927]LogAudioMixer: Display: Flush succeeded the source manager command queue (2).
[2020.09.03-01.08.57:634][927]LogSlate: Updating window title bar state: overlay mode, drag disabled, window buttons hidden, title bar hidden
[2020.09.03-01.08.57:634][927]LogWorld: BeginTearingDown for /Game/遊戲關卡/地圖/UEDPIE_0_NewMap
[2020.09.03-01.08.57:634][927]LogAudioMixer: Display: No commands were queued while flushing the source manager.
[2020.09.03-01.08.57:635][927]LogWorld: UWorld::CleanupWorld for NewMap, bSessionEnded=true, bCleanupResources=true
[2020.09.03-01.08.57:637][927]LogSlate: InvalidateAllWidgets triggered.  All widgets were invalidated
[2020.09.03-01.08.57:649][927]LogPlayLevel: Display: Shutting down PIE online subsystems
[2020.09.03-01.08.57:654][927]LogSlate: InvalidateAllWidgets triggered.  All widgets were invalidated
[2020.09.03-01.08.57:689][927]LogAudioMixer: Display: No commands were queued while flushing the source manager.
[2020.09.03-01.08.57:698][927]LogSlate: Updating window title bar state: overlay mode, drag disabled, window buttons hidden, title bar hidden
[2020.09.03-01.08.57:718][927]LogUObjectHash: Compacting FUObjectHashTables data took   3.26ms
[2020.09.03-01.08.57:748][928]LogPlayLevel: Display: Destroying online subsystem :Context_4
[2020.09.03-01.09.02:464][291]LogUObjectHash: Compacting FUObjectHashTables data took   2.66ms
[2020.09.03-01.09.02:989][291]LogSlate: Took 0.000111 seconds to synchronously load lazily loaded font '../../../Engine/Content/Slate/Fonts/Roboto-Light.ttf' (167K)
[2020.09.03-01.09.04:934][291]LogSlate: Window 'Delete Assets' being destroyed
[2020.09.03-01.10.06:014][291]LogOutputDevice: Warning: 

Script Stack (0 frames):

[2020.09.03-01.10.06:014][291]LogWindows: Windows GetLastError: 操作順利完成。 (0)
[2020.09.03-01.10.07:127][291]LogWindows: Error: === Critical error: ===
[2020.09.03-01.10.07:127][291]LogWindows: Error: 
[2020.09.03-01.10.07:127][291]LogWindows: Error: Assertion failed: IsValid() [File:D:\Build\++UE4\Sync\Engine\Source\Runtime\Core\Public\Templates/SharedPointer.h] [Line: 799] 
[2020.09.03-01.10.07:127][291]LogWindows: Error: 
[2020.09.03-01.10.07:127][291]LogWindows: Error: 
[2020.09.03-01.10.07:127][291]LogWindows: Error: 
[2020.09.03-01.10.07:127][291]LogWindows: Error: [Callstack] 0x00007ff80284a839 KERNELBASE.dll!UnknownFunction []
[2020.09.03-01.10.07:127][291]LogWindows: Error: [Callstack] 0x00007fffd6efa9e6 UE4Editor-Core.dll!UnknownFunction []
[2020.09.03-01.10.07:127][291]LogWindows: Error: [Callstack] 0x00007fffd6efde88 UE4Editor-Core.dll!UnknownFunction []
[2020.09.03-01.10.07:127][291]LogWindows: Error: [Callstack] 0x00007fffd6cb2cbd UE4Editor-Core.dll!UnknownFunction []
[2020.09.03-01.10.07:127][291]LogWindows: Error: [Callstack] 0x00007fffd6c3fd83 UE4Editor-Core.dll!UnknownFunction []
[2020.09.03-01.10.07:127][291]LogWindows: Error: [Callstack] 0x00007fffd6c42100 UE4Editor-Core.dll!UnknownFunction []
[2020.09.03-01.10.07:127][291]LogWindows: Error: [Callstack] 0x00007fffd5a94e6a UE4Editor-UnrealEd.dll!UnknownFunction []
[2020.09.03-01.10.07:127][291]LogWindows: Error: [Callstack] 0x00007fffa7c71b55 UE4Editor-ActorSequenceEditor.dll!UnknownFunction []
[2020.09.03-01.10.07:127][291]LogWindows: Error: [Callstack] 0x00007fffda80f2fa UE4Editor-SlateCore.dll!UnknownFunction []
[2020.09.03-01.10.07:127][291]LogWindows: Error: [Callstack] 0x00007fffda786ddc UE4Editor-SlateCore.dll!UnknownFunction []
[2020.09.03-01.10.07:127][291]LogWindows: Error: [Callstack] 0x00007fffda80f2fa UE4Editor-SlateCore.dll!UnknownFunction []
[2020.09.03-01.10.07:127][291]LogWindows: Error: [Callstack] 0x00007fffda786ddc UE4Editor-SlateCore.dll!UnknownFunction []
[2020.09.03-01.10.07:127][291]LogWindows: Error: [Callstack] 0x00007fffda80f2fa UE4Editor-SlateCore.dll!UnknownFunction []
[2020.09.03-01.10.07:127][291]LogWindows: Error: [Callstack] 0x00007fffda78f85f UE4Editor-SlateCore.dll!UnknownFunction []
[2020.09.03-01.10.07:127][291]LogWindows: Error: [Callstack] 0x00007fffda786ef4 UE4Editor-SlateCore.dll!UnknownFunction []
[2020.09.03-01.10.07:127][291]LogWindows: Error: [Callstack] 0x00007fffda80f2fa UE4Editor-SlateCore.dll!UnknownFunction []
[2020.09.03-01.10.07:127][291]LogWindows: Error: [Callstack] 0x00007fffda793d9c UE4Editor-SlateCore.dll!UnknownFunction []
[2020.09.03-01.10.07:127][291]LogWindows: Error: [Callstack] 0x00007fffda786bc4 UE4Editor-SlateCore.dll!UnknownFunction []
[2020.09.03-01.10.07:127][291]LogWindows: Error: [Callstack] 0x00007fffda80f2fa UE4Editor-SlateCore.dll!UnknownFunction []
[2020.09.03-01.10.07:127][291]LogWindows: Error: [Callstack] 0x00007fffda786ddc UE4Editor-SlateCore.dll!UnknownFunction []
[2020.09.03-01.10.07:127][291]LogWindows: Error: [Callstack] 0x00007fffda80f2fa UE4Editor-SlateCore.dll!UnknownFunction []
[2020.09.03-01.10.07:127][291]LogWindows: Error: [Callstack] 0x00007fffdc3ee5f3 UE4Editor-Slate.dll!UnknownFunction []
[2020.09.03-01.10.07:127][291]LogWindows: Error: [Callstack] 0x00007fffdc21db8a UE4Editor-Slate.dll!UnknownFunction []
[2020.09.03-01.10.07:127][291]LogWindows: Error: [Callstack] 0x00007fffda80f2fa UE4Editor-SlateCore.dll!UnknownFunction []
[2020.09.03-01.10.07:127][291]LogWindows: Error: [Callstack] 0x00007fffda786ddc UE4Editor-SlateCore.dll!UnknownFunction []
[2020.09.03-01.10.07:127][291]LogWindows: Error: [Callstack] 0x00007fffda80f2fa UE4Editor-SlateCore.dll!UnknownFunction []
[2020.09.03-01.10.07:127][291]LogWindows: Error: [Callstack] 0x00007fffdc3ee5f3 UE4Editor-Slate.dll!UnknownFunction []
[2020.09.03-01.10.07:127][291]LogWindows: Error: [Callstack] 0x00007fffdc21db8a UE4Editor-Slate.dll!UnknownFunction []
[2020.09.03-01.10.07:127][291]LogWindows: Error: [Callstack] 0x00007fffda80f2fa UE4Editor-SlateCore.dll!UnknownFunction []
[2020.09.03-01.10.07:127][291]LogWindows: Error: [Callstack] 0x00007fffda78f85f UE4Editor-SlateCore.dll!UnknownFunction []
[2020.09.03-01.10.07:127][291]LogWindows: Error: [Callstack] 0x00007fffda786ef4 UE4Editor-SlateCore.dll!UnknownFunction []
[2020.09.03-01.10.07:127][291]LogWindows: Error: [Callstack] 0x00007fffda80f2fa UE4Editor-SlateCore.dll!UnknownFunction []
[2020.09.03-01.10.07:127][291]LogWindows: Error: [Callstack] 0x00007fffda786ddc UE4Editor-SlateCore.dll!UnknownFunction []
[2020.09.03-01.10.07:127][291]LogWindows: Error: [Callstack] 0x00007fffda80f2fa UE4Editor-SlateCore.dll!UnknownFunction []
[2020.09.03-01.10.07:127][291]LogWindows: Error: [Callstack] 0x00007fffda793d9c UE4Editor-SlateCore.dll!UnknownFunction []
[2020.09.03-01.10.07:127][291]LogWindows: Error: [Callstack] 0x00007fffda786bc4 UE4Editor-SlateCore.dll!UnknownFunction []
[2020.09.03-01.10.07:127][291]LogWindows: Error: [Callstack] 0x00007fffda80f2fa UE4Editor-SlateCore.dll!UnknownFunction []
[2020.09.03-01.10.07:127][291]LogWindows: Error: [Callstack] 0x00007fffda786ddc UE4Editor-SlateCore.dll!UnknownFunction []
[2020.09.03-01.10.07:127][291]LogWindows: Error: [Callstack] 0x00007fffd5a47a89 UE4Editor-UnrealEd.dll!UnknownFunction []
[2020.09.03-01.10.07:127][291]LogWindows: Error: [Callstack] 0x00007fffd5a47c08 UE4Editor-UnrealEd.dll!UnknownFunction []
[2020.09.03-01.10.07:127][291]LogWindows: Error: [Callstack] 0x00007fffd5714cb7 UE4Editor-UnrealEd.dll!UnknownFunction []
[2020.09.03-01.10.07:127][291]LogWindows: Error: [Callstack] 0x00007fffd4f316d7 UE4Editor-UnrealEd.dll!UnknownFunction []
[2020.09.03-01.10.07:127][291]LogWindows: Error: [Callstack] 0x00007fffd51ace38 UE4Editor-UnrealEd.dll!UnknownFunction []
[2020.09.03-01.10.07:127][291]LogWindows: Error: [Callstack] 0x00007fffd51a6614 UE4Editor-UnrealEd.dll!UnknownFunction []
[2020.09.03-01.10.07:127][291]LogWindows: Error: [Callstack] 0x00007fffdc391498 UE4Editor-Slate.dll!UnknownFunction []
[2020.09.03-01.10.07:127][291]LogWindows: Error: [Callstack] 0x00007fffdc3a9281 UE4Editor-Slate.dll!UnknownFunction []
[2020.09.03-01.10.07:127][291]LogWindows: Error: [Callstack] 0x00007fffdc20323f UE4Editor-Slate.dll!UnknownFunction []
[2020.09.03-01.10.07:127][291]LogWindows: Error: [Callstack] 0x00007fffdc289175 UE4Editor-Slate.dll!UnknownFunction []
[2020.09.03-01.10.07:127][291]LogWindows: Error: [Callstack] 0x00007fffdc27413e UE4Editor-Slate.dll!UnknownFunction []
[2020.09.03-01.10.07:127][291]LogWindows: Error: [Callstack] 0x00007fffdc268f67 UE4Editor-Slate.dll!UnknownFunction []
[2020.09.03-01.10.07:127][291]LogWindows: Error: [Callstack] 0x00007fffe7f04ca1 UE4Editor-ApplicationCore.dll!UnknownFunction []
[2020.09.03-01.10.07:127][291]LogWindows: Error: [Callstack] 0x00007fffe7ef242f UE4Editor-ApplicationCore.dll!UnknownFunction []
[2020.09.03-01.10.07:127][291]LogWindows: Error: [Callstack] 0x00007fffe7f07195 UE4Editor-ApplicationCore.dll!UnknownFunction []
[2020.09.03-01.10.07:127][291]LogWindows: Error: [Callstack] 0x00007fffe7eeec40 UE4Editor-ApplicationCore.dll!UnknownFunction []
[2020.09.03-01.10.07:127][291]LogWindows: Error: [Callstack] 0x00007ff8040e63ed USER32.dll!UnknownFunction []
[2020.09.03-01.10.07:127][291]LogWindows: Error: [Callstack] 0x00007ff8040e5de2 USER32.dll!UnknownFunction []
[2020.09.03-01.10.07:127][291]LogWindows: Error: [Callstack] 0x00007fffe7f08569 UE4Editor-ApplicationCore.dll!UnknownFunction []
[2020.09.03-01.10.07:127][291]LogWindows: Error: [Callstack] 0x00007fffdc294080 UE4Editor-Slate.dll!UnknownFunction []
[2020.09.03-01.10.07:127][291]LogWindows: Error: [Callstack] 0x00007fffdc231c85 UE4Editor-Slate.dll!UnknownFunction []
[2020.09.03-01.10.07:127][291]LogWindows: Error: [Callstack] 0x00007fffd5240ff6 UE4Editor-UnrealEd.dll!UnknownFunction []
[2020.09.03-01.10.07:127][291]LogWindows: Error: [Callstack] 0x00007fffd570a0fe UE4Editor-UnrealEd.dll!UnknownFunction []
[2020.09.03-01.10.07:127][291]LogWindows: Error: [Callstack] 0x00007fffd57095c6 UE4Editor-UnrealEd.dll!UnknownFunction []
[2020.09.03-01.10.07:128][291]LogWindows: Error: [Callstack] 0x00007fffc2eb4a9c UE4Editor-ContentBrowser.dll!UnknownFunction []
[2020.09.03-01.10.07:128][291]LogWindows: Error: [Callstack] 0x00007fffc2fd6377 UE4Editor-ContentBrowser.dll!UnknownFunction []
[2020.09.03-01.10.07:128][291]LogWindows: Error: [Callstack] 0x00007fffc2fb3ba8 UE4Editor-ContentBrowser.dll!UnknownFunction []
[2020.09.03-01.10.07:128][291]LogWindows: Error: [Callstack] 0x00007fffdc239ada UE4Editor-Slate.dll!UnknownFunction []
[2020.09.03-01.10.07:128][291]LogWindows: Error: [Callstack] 0x00007fffdc2703de UE4Editor-Slate.dll!UnknownFunction []
[2020.09.03-01.10.07:128][291]LogWindows: Error: [Callstack] 0x00007fffc2ffe08b UE4Editor-ContentBrowser.dll!UnknownFunction []
[2020.09.03-01.10.07:128][291]LogWindows: Error: [Callstack] 0x00007fffdc201041 UE4Editor-Slate.dll!UnknownFunction []
[2020.09.03-01.10.07:128][291]LogWindows: Error: [Callstack] 0x00007fffdc27224d UE4Editor-Slate.dll!UnknownFunction []
[2020.09.03-01.10.07:128][291]LogWindows: Error: [Callstack] 0x00007fffdc267b0f UE4Editor-Slate.dll!UnknownFunction []
[2020.09.03-01.10.07:128][291]LogWindows: Error: [Callstack] 0x00007fffe7f04918 UE4Editor-ApplicationCore.dll!UnknownFunction []
[2020.09.03-01.10.07:128][291]LogWindows: Error: [Callstack] 0x00007fffe7ef242f UE4Editor-ApplicationCore.dll!UnknownFunction []
[2020.09.03-01.10.07:128][291]LogWindows: Error: [Callstack] 0x00007fffe7f07195 UE4Editor-ApplicationCore.dll!UnknownFunction []
[2020.09.03-01.10.07:128][291]LogWindows: Error: [Callstack] 0x00007fffe7eeec40 UE4Editor-ApplicationCore.dll!UnknownFunction []
[2020.09.03-01.10.07:128][291]LogWindows: Error: [Callstack] 0x00007ff8040e63ed USER32.dll!UnknownFunction []
[2020.09.03-01.10.07:128][291]LogWindows: Error: [Callstack] 0x00007ff8040e5de2 USER32.dll!UnknownFunction []
[2020.09.03-01.10.07:128][291]LogWindows: Error: [Callstack] 0x00007fffe7f08699 UE4Editor-ApplicationCore.dll!UnknownFunction []
[2020.09.03-01.10.07:128][291]LogWindows: Error: [Callstack] 0x00007ff61d886db0 UE4Editor.exe!UnknownFunction []
[2020.09.03-01.10.07:128][291]LogWindows: Error: [Callstack] 0x00007ff61d89c3ec UE4Editor.exe!UnknownFunction []
[2020.09.03-01.10.07:128][291]LogWindows: Error: [Callstack] 0x00007ff61d89c4ca UE4Editor.exe!UnknownFunction []
[2020.09.03-01.10.07:128][291]LogWindows: Error: [Callstack] 0x00007ff61d8aceae UE4Editor.exe!UnknownFunction []
[2020.09.03-01.10.07:128][291]LogWindows: Error: [Callstack] 0x00007ff61d8afcbe UE4Editor.exe!UnknownFunction []
[2020.09.03-01.10.07:128][291]LogWindows: Error: [Callstack] 0x00007ff8047d7bd4 KERNEL32.DLL!UnknownFunction []
[2020.09.03-01.10.07:128][291]LogWindows: Error: [Callstack] 0x00007ff80574ced1 ntdll.dll!UnknownFunction []
[2020.09.03-01.10.07:128][291]LogWindows: Error: 
[2020.09.03-01.10.07:135][291]LogExit: Executing StaticShutdownAfterError
[2020.09.03-01.10.07:139][291]LogWindows: FPlatformMisc::RequestExit(1)
[2020.09.03-01.10.07:139][291]LogCore: Engine exit requested (reason: Win RequestExit)
[2020.09.03-01.10.07:143][291]Log file closed, 09/03/20 09:10:07
